# JRE version: Java(TM) SE Runtime Environment (8.0_211-b12) (build 1.8.0_211-b12)
# Java VM: Java HotSpot(TM) 64-Bit Server VM (25.211-b12 mixed mode windows-amd64 compressed oops)
Heap:
 PSYoungGen      total 491520K, used 90413K [0x00000006efb00000, 0x000000071b200000, 0x00000007c0000000)
  eden space 464896K, 19% used [0x00000006efb00000,0x00000006f534b5c8,0x000000070c100000)
  from space 26624K, 0% used [0x000000070c100000,0x000000070c100000,0x000000070db00000)
  to   space 35328K, 0% used [0x0000000718f80000,0x0000000718f80000,0x000000071b200000)
 ParOldGen       total 403968K, used 40218K [0x000000054f000000, 0x0000000567a80000, 0x00000006efb00000)
  object space 403968K, 9% used [0x000000054f000000,0x0000000551746a10,0x0000000567a80000)
 Metaspace       used 56625K, capacity 59776K, committed 59904K, reserved 1101824K
  class space    used 7377K, capacity 7914K, committed 7936K, reserved 1048576K
GC Heap History (10 events):
Event: 7.442 GC heap before
{Heap before GC invocations=4 (full 1):
 PSYoungGen      total 347136K, used 268584K [0x00000006efb00000, 0x0000000706800000, 0x00000007c0000000)
  eden space 320512K, 83% used [0x00000006efb00000,0x000000070014a198,0x0000000703400000)
  from space 26624K, 0% used [0x0000000704e00000,0x0000000704e00000,0x0000000706800000)
  to   space 26624K, 0% used [0x0000000703400000,0x0000000703400000,0x0000000704e00000)
 ParOldGen       total 248832K, used 8597K [0x000000054f000000, 0x000000055e300000, 0x00000006efb00000)
  object space 248832K, 3% used [0x000000054f000000,0x000000054f865438,0x000000055e300000)
 Metaspace       used 33198K, capacity 35274K, committed 35416K, reserved 1081344K
  class space    used 4158K, capacity 4549K, committed 4608K, reserved 1048576K
Event: 7.461 GC heap after
Heap after GC invocations=4 (full 1):
 PSYoungGen      total 347136K, used 16351K [0x00000006efb00000, 0x000000070f500000, 0x00000007c0000000)
  eden space 320512K, 0% used [0x00000006efb00000,0x00000006efb00000,0x0000000703400000)
  from space 26624K, 61% used [0x0000000703400000,0x00000007043f7f10,0x0000000704e00000)
  to   space 26624K, 0% used [0x000000070db00000,0x000000070db00000,0x000000070f500000)
 ParOldGen       total 248832K, used 8605K [0x000000054f000000, 0x000000055e300000, 0x00000006efb00000)
  object space 248832K, 3% used [0x000000054f000000,0x000000054f867438,0x000000055e300000)
 Metaspace       used 33198K, capacity 35274K, committed 35416K, reserved 1081344K
  class space    used 4158K, capacity 4549K, committed 4608K, reserved 1048576K
}
Event: 7.461 GC heap before
{Heap before GC invocations=5 (full 2):
 PSYoungGen      total 347136K, used 16351K [0x00000006efb00000, 0x000000070f500000, 0x00000007c0000000)
  eden space 320512K, 0% used [0x00000006efb00000,0x00000006efb00000,0x0000000703400000)
  from space 26624K, 61% used [0x0000000703400000,0x00000007043f7f10,0x0000000704e00000)
  to   space 26624K, 0% used [0x000000070db00000,0x000000070db00000,0x000000070f500000)
 ParOldGen       total 248832K, used 8605K [0x000000054f000000, 0x000000055e300000, 0x00000006efb00000)
  object space 248832K, 3% used [0x000000054f000000,0x000000054f867438,0x000000055e300000)
 Metaspace       used 33198K, capacity 35274K, committed 35416K, reserved 1081344K
  class space    used 4158K, capacity 4549K, committed 4608K, reserved 1048576K
Event: 7.524 GC heap after
Heap after GC invocations=5 (full 2):
 PSYoungGen      total 347136K, used 0K [0x00000006efb00000, 0x000000070f500000, 0x00000007c0000000)
  eden space 320512K, 0% used [0x00000006efb00000,0x00000006efb00000,0x0000000703400000)
  from space 26624K, 0% used [0x0000000703400000,0x0000000703400000,0x0000000704e00000)
  to   space 26624K, 0% used [0x000000070db00000,0x000000070db00000,0x000000070f500000)
 ParOldGen       total 403968K, used 20411K [0x000000054f000000, 0x0000000567a80000, 0x00000006efb00000)
  object space 403968K, 5% used [0x000000054f000000,0x00000005503eefc0,0x0000000567a80000)
 Metaspace       used 33198K, capacity 35274K, committed 35416K, reserved 1081344K
  class space    used 4158K, capacity 4549K, committed 4608K, reserved 1048576K
}
Event: 12.743 GC heap before
{Heap before GC invocations=6 (full 2):
 PSYoungGen      total 347136K, used 320512K [0x00000006efb00000, 0x000000070f500000, 0x00000007c0000000)
  eden space 320512K, 100% used [0x00000006efb00000,0x0000000703400000,0x0000000703400000)
  from space 26624K, 0% used [0x0000000703400000,0x0000000703400000,0x0000000704e00000)
  to   space 26624K, 0% used [0x000000070db00000,0x000000070db00000,0x000000070f500000)
 ParOldGen       total 403968K, used 20411K [0x000000054f000000, 0x0000000567a80000, 0x00000006efb00000)
  object space 403968K, 5% used [0x000000054f000000,0x00000005503eefc0,0x0000000567a80000)
 Metaspace       used 50943K, capacity 53354K, committed 53760K, reserved 1095680K
  class space    used 6688K, capacity 7117K, committed 7168K, reserved 1048576K
Event: 12.780 GC heap after
Heap after GC invocations=6 (full 2):
 PSYoungGen      total 472064K, used 26603K [0x00000006efb00000, 0x000000070f500000, 0x00000007c0000000)
  eden space 445440K, 0% used [0x00000006efb00000,0x00000006efb00000,0x000000070ae00000)
  from space 26624K, 99% used [0x000000070db00000,0x000000070f4fad68,0x000000070f500000)
  to   space 26624K, 0% used [0x000000070c100000,0x000000070c100000,0x000000070db00000)
 ParOldGen       total 403968K, used 20788K [0x000000054f000000, 0x0000000567a80000, 0x00000006efb00000)
  object space 403968K, 5% used [0x000000054f000000,0x000000055044d3e0,0x0000000567a80000)
 Metaspace       used 50943K, capacity 53354K, committed 53760K, reserved 1095680K
  class space    used 6688K, capacity 7117K, committed 7168K, reserved 1048576K
}
Event: 15.616 GC heap before
{Heap before GC invocations=7 (full 2):
 PSYoungGen      total 472064K, used 350336K [0x00000006efb00000, 0x000000070f500000, 0x00000007c0000000)
  eden space 445440K, 72% used [0x00000006efb00000,0x0000000703725560,0x000000070ae00000)
  from space 26624K, 99% used [0x000000070db00000,0x000000070f4fad68,0x000000070f500000)
  to   space 26624K, 0% used [0x000000070c100000,0x000000070c100000,0x000000070db00000)
 ParOldGen       total 403968K, used 20788K [0x000000054f000000, 0x0000000567a80000, 0x00000006efb00000)
  object space 403968K, 5% used [0x000000054f000000,0x000000055044d3e0,0x0000000567a80000)
 Metaspace       used 55903K, capacity 58926K, committed 59008K, reserved 1099776K
  class space    used 7275K, capacity 7783K, committed 7808K, reserved 1048576K
Event: 15.664 GC heap after
Heap after GC invocations=7 (full 2):
 PSYoungGen      total 491520K, used 26612K [0x00000006efb00000, 0x000000071b200000, 0x00000007c0000000)
  eden space 464896K, 0% used [0x00000006efb00000,0x00000006efb00000,0x000000070c100000)
  from space 26624K, 99% used [0x000000070c100000,0x000000070dafd0c8,0x000000070db00000)
  to   space 35328K, 0% used [0x0000000718f80000,0x0000000718f80000,0x000000071b200000)
 ParOldGen       total 403968K, used 23630K [0x000000054f000000, 0x0000000567a80000, 0x00000006efb00000)
  object space 403968K, 5% used [0x000000054f000000,0x00000005507139a8,0x0000000567a80000)
 Metaspace       used 55903K, capacity 58926K, committed 59008K, reserved 1099776K
  class space    used 7275K, capacity 7783K, committed 7808K, reserved 1048576K
}
Event: 15.664 GC heap before
{Heap before GC invocations=8 (full 3):
 PSYoungGen      total 491520K, used 26612K [0x00000006efb00000, 0x000000071b200000, 0x00000007c0000000)
  eden space 464896K, 0% used [0x00000006efb00000,0x00000006efb00000,0x000000070c100000)
  from space 26624K, 99% used [0x000000070c100000,0x000000070dafd0c8,0x000000070db00000)
  to   space 35328K, 0% used [0x0000000718f80000,0x0000000718f80000,0x000000071b200000)
 ParOldGen       total 403968K, used 23630K [0x000000054f000000, 0x0000000567a80000, 0x00000006efb00000)
  object space 403968K, 5% used [0x000000054f000000,0x00000005507139a8,0x0000000567a80000)
 Metaspace       used 55903K, capacity 58926K, committed 59008K, reserved 1099776K
  class space    used 7275K, capacity 7783K, committed 7808K, reserved 1048576K
Event: 16.020 GC heap after
Heap after GC invocations=8 (full 3):
 PSYoungGen      total 491520K, used 0K [0x00000006efb00000, 0x000000071b200000, 0x00000007c0000000)
  eden space 464896K, 0% used [0x00000006efb00000,0x00000006efb00000,0x000000070c100000)
  from space 26624K, 0% used [0x000000070c100000,0x000000070c100000,0x000000070db00000)
  to   space 35328K, 0% used [0x0000000718f80000,0x0000000718f80000,0x000000071b200000)
 ParOldGen       total 403968K, used 40218K [0x000000054f000000, 0x0000000567a80000, 0x00000006efb00000)
  object space 403968K, 9% used [0x000000054f000000,0x0000000551746a10,0x0000000567a80000)
 Metaspace       used 55903K, capacity 58926K, committed 59008K, reserved 1099776K
  class space    used 7275K, capacity 7783K, committed 7808K, reserved 1048576K
}

